Pig Stack Trace
---------------
ERROR 2997: Encountered IOException. Exception 

java.io.IOException: Exception 
	at org.apache.pig.PigServer.getExamples(PigServer.java:1186)
	at org.apache.pig.tools.grunt.GruntParser.processIllustrate(GruntParser.java:739)
	at org.apache.pig.tools.pigscript.parser.PigScriptParser.Illustrate(PigScriptParser.java:626)
	at org.apache.pig.tools.pigscript.parser.PigScriptParser.parse(PigScriptParser.java:323)
	at org.apache.pig.tools.grunt.GruntParser.parseStopOnError(GruntParser.java:194)
	at org.apache.pig.tools.grunt.GruntParser.parseStopOnError(GruntParser.java:170)
	at org.apache.pig.tools.grunt.Grunt.run(Grunt.java:69)
	at org.apache.pig.Main.run(Main.java:538)
	at org.apache.pig.Main.main(Main.java:157)
	at sun.reflect.NativeMethodAccessorImpl.invoke0(Native Method)
	at sun.reflect.NativeMethodAccessorImpl.invoke(NativeMethodAccessorImpl.java:39)
	at sun.reflect.DelegatingMethodAccessorImpl.invoke(DelegatingMethodAccessorImpl.java:25)
	at java.lang.reflect.Method.invoke(Method.java:597)
	at org.apache.hadoop.util.RunJar.main(RunJar.java:208)
Caused by: org.apache.pig.impl.logicalLayer.FrontendException: ERROR 0: Exception: org.apache.pig.backend.hadoop.executionengine.physicalLayer.relationalOperators.POUnion cannot be cast to org.apache.pig.backend.hadoop.executionengine.physicalLayer.relationalOperators.POPackage
	at org.apache.pig.pen.LineageTrimmingVisitor.processOperator(LineageTrimmingVisitor.java:467)
	at org.apache.pig.pen.LineageTrimmingVisitor.visit(LineageTrimmingVisitor.java:197)
	at org.apache.pig.newplan.logical.relational.LOLoad.accept(LOLoad.java:229)
	at org.apache.pig.pen.util.PreOrderDepthFirstWalker.depthFirst(PreOrderDepthFirstWalker.java:82)
	at org.apache.pig.pen.util.PreOrderDepthFirstWalker.depthFirst(PreOrderDepthFirstWalker.java:84)
	at org.apache.pig.pen.util.PreOrderDepthFirstWalker.depthFirst(PreOrderDepthFirstWalker.java:84)
	at org.apache.pig.pen.util.PreOrderDepthFirstWalker.depthFirst(PreOrderDepthFirstWalker.java:84)
	at org.apache.pig.pen.util.PreOrderDepthFirstWalker.depthFirst(PreOrderDepthFirstWalker.java:84)
	at org.apache.pig.pen.util.PreOrderDepthFirstWalker.depthFirst(PreOrderDepthFirstWalker.java:84)
	at org.apache.pig.pen.util.PreOrderDepthFirstWalker.depthFirst(PreOrderDepthFirstWalker.java:84)
	at org.apache.pig.pen.util.PreOrderDepthFirstWalker.depthFirst(PreOrderDepthFirstWalker.java:84)
	at org.apache.pig.pen.util.PreOrderDepthFirstWalker.walk(PreOrderDepthFirstWalker.java:66)
	at org.apache.pig.newplan.PlanVisitor.visit(PlanVisitor.java:52)
	at org.apache.pig.pen.ExampleGenerator.getExamples(ExampleGenerator.java:168)
	at org.apache.pig.PigServer.getExamples(PigServer.java:1180)
	... 13 more
================================================================================
Pig Stack Trace
---------------
ERROR 2997: Encountered IOException. Exception 

java.io.IOException: Exception 
	at org.apache.pig.PigServer.getExamples(PigServer.java:1186)
	at org.apache.pig.tools.grunt.GruntParser.processIllustrate(GruntParser.java:739)
	at org.apache.pig.tools.pigscript.parser.PigScriptParser.Illustrate(PigScriptParser.java:626)
	at org.apache.pig.tools.pigscript.parser.PigScriptParser.parse(PigScriptParser.java:323)
	at org.apache.pig.tools.grunt.GruntParser.parseStopOnError(GruntParser.java:194)
	at org.apache.pig.tools.grunt.GruntParser.parseStopOnError(GruntParser.java:170)
	at org.apache.pig.tools.grunt.Grunt.run(Grunt.java:69)
	at org.apache.pig.Main.run(Main.java:538)
	at org.apache.pig.Main.main(Main.java:157)
	at sun.reflect.NativeMethodAccessorImpl.invoke0(Native Method)
	at sun.reflect.NativeMethodAccessorImpl.invoke(NativeMethodAccessorImpl.java:39)
	at sun.reflect.DelegatingMethodAccessorImpl.invoke(DelegatingMethodAccessorImpl.java:25)
	at java.lang.reflect.Method.invoke(Method.java:597)
	at org.apache.hadoop.util.RunJar.main(RunJar.java:208)
Caused by: org.apache.pig.impl.logicalLayer.FrontendException: ERROR 0: Exception: org.apache.pig.backend.hadoop.executionengine.physicalLayer.relationalOperators.POUnion cannot be cast to org.apache.pig.backend.hadoop.executionengine.physicalLayer.relationalOperators.POPackage
	at org.apache.pig.pen.LineageTrimmingVisitor.processOperator(LineageTrimmingVisitor.java:467)
	at org.apache.pig.pen.LineageTrimmingVisitor.visit(LineageTrimmingVisitor.java:197)
	at org.apache.pig.newplan.logical.relational.LOLoad.accept(LOLoad.java:229)
	at org.apache.pig.pen.util.PreOrderDepthFirstWalker.depthFirst(PreOrderDepthFirstWalker.java:82)
	at org.apache.pig.pen.util.PreOrderDepthFirstWalker.depthFirst(PreOrderDepthFirstWalker.java:84)
	at org.apache.pig.pen.util.PreOrderDepthFirstWalker.depthFirst(PreOrderDepthFirstWalker.java:84)
	at org.apache.pig.pen.util.PreOrderDepthFirstWalker.depthFirst(PreOrderDepthFirstWalker.java:84)
	at org.apache.pig.pen.util.PreOrderDepthFirstWalker.depthFirst(PreOrderDepthFirstWalker.java:84)
	at org.apache.pig.pen.util.PreOrderDepthFirstWalker.depthFirst(PreOrderDepthFirstWalker.java:84)
	at org.apache.pig.pen.util.PreOrderDepthFirstWalker.depthFirst(PreOrderDepthFirstWalker.java:84)
	at org.apache.pig.pen.util.PreOrderDepthFirstWalker.depthFirst(PreOrderDepthFirstWalker.java:84)
	at org.apache.pig.pen.util.PreOrderDepthFirstWalker.walk(PreOrderDepthFirstWalker.java:66)
	at org.apache.pig.newplan.PlanVisitor.visit(PlanVisitor.java:52)
	at org.apache.pig.pen.ExampleGenerator.getExamples(ExampleGenerator.java:168)
	at org.apache.pig.PigServer.getExamples(PigServer.java:1180)
	... 13 more
================================================================================
Pig Stack Trace
---------------
ERROR 2998: Unhandled internal error. Union with Count(Operand) < 2

java.lang.AssertionError: Union with Count(Operand) < 2
	at org.apache.pig.newplan.logical.visitor.TypeCheckingRelVisitor.visit(TypeCheckingRelVisitor.java:211)
	at org.apache.pig.newplan.logical.relational.LOUnion.accept(LOUnion.java:182)
	at org.apache.pig.newplan.DependencyOrderWalker.walk(DependencyOrderWalker.java:75)
	at org.apache.pig.newplan.PlanVisitor.visit(PlanVisitor.java:52)
	at org.apache.pig.PigServer$Graph.compile(PigServer.java:1635)
	at org.apache.pig.PigServer$Graph.validateQuery(PigServer.java:1572)
	at org.apache.pig.PigServer$Graph.registerQuery(PigServer.java:1544)
	at org.apache.pig.PigServer.registerQuery(PigServer.java:516)
	at org.apache.pig.tools.grunt.GruntParser.processPig(GruntParser.java:991)
	at org.apache.pig.tools.pigscript.parser.PigScriptParser.parse(PigScriptParser.java:412)
	at org.apache.pig.tools.grunt.GruntParser.parseStopOnError(GruntParser.java:194)
	at org.apache.pig.tools.grunt.GruntParser.parseStopOnError(GruntParser.java:170)
	at org.apache.pig.tools.grunt.Grunt.run(Grunt.java:69)
	at org.apache.pig.Main.run(Main.java:538)
	at org.apache.pig.Main.main(Main.java:157)
	at sun.reflect.NativeMethodAccessorImpl.invoke0(Native Method)
	at sun.reflect.NativeMethodAccessorImpl.invoke(NativeMethodAccessorImpl.java:39)
	at sun.reflect.DelegatingMethodAccessorImpl.invoke(DelegatingMethodAccessorImpl.java:25)
	at java.lang.reflect.Method.invoke(Method.java:597)
	at org.apache.hadoop.util.RunJar.main(RunJar.java:208)
================================================================================
Pig Stack Trace
---------------
ERROR 2998: Unhandled internal error. Union with Count(Operand) < 2

java.lang.AssertionError: Union with Count(Operand) < 2
	at org.apache.pig.newplan.logical.visitor.TypeCheckingRelVisitor.visit(TypeCheckingRelVisitor.java:211)
	at org.apache.pig.newplan.logical.relational.LOUnion.accept(LOUnion.java:182)
	at org.apache.pig.newplan.DependencyOrderWalker.walk(DependencyOrderWalker.java:75)
	at org.apache.pig.newplan.PlanVisitor.visit(PlanVisitor.java:52)
	at org.apache.pig.PigServer$Graph.compile(PigServer.java:1635)
	at org.apache.pig.PigServer$Graph.compile(PigServer.java:1621)
	at org.apache.pig.PigServer$Graph.access$200(PigServer.java:1340)
	at org.apache.pig.PigServer.getExamples(PigServer.java:1170)
	at org.apache.pig.tools.grunt.GruntParser.processIllustrate(GruntParser.java:739)
	at org.apache.pig.tools.pigscript.parser.PigScriptParser.Illustrate(PigScriptParser.java:626)
	at org.apache.pig.tools.pigscript.parser.PigScriptParser.parse(PigScriptParser.java:323)
	at org.apache.pig.tools.grunt.GruntParser.parseStopOnError(GruntParser.java:194)
	at org.apache.pig.tools.grunt.GruntParser.parseStopOnError(GruntParser.java:170)
	at org.apache.pig.tools.grunt.Grunt.run(Grunt.java:69)
	at org.apache.pig.Main.run(Main.java:538)
	at org.apache.pig.Main.main(Main.java:157)
	at sun.reflect.NativeMethodAccessorImpl.invoke0(Native Method)
	at sun.reflect.NativeMethodAccessorImpl.invoke(NativeMethodAccessorImpl.java:39)
	at sun.reflect.DelegatingMethodAccessorImpl.invoke(DelegatingMethodAccessorImpl.java:25)
	at java.lang.reflect.Method.invoke(Method.java:597)
	at org.apache.hadoop.util.RunJar.main(RunJar.java:208)
================================================================================
Pig Stack Trace
---------------
ERROR 2998: Unhandled internal error. Union with Count(Operand) < 2

java.lang.AssertionError: Union with Count(Operand) < 2
	at org.apache.pig.newplan.logical.visitor.TypeCheckingRelVisitor.visit(TypeCheckingRelVisitor.java:211)
	at org.apache.pig.newplan.logical.relational.LOUnion.accept(LOUnion.java:182)
	at org.apache.pig.newplan.DependencyOrderWalker.walk(DependencyOrderWalker.java:75)
	at org.apache.pig.newplan.PlanVisitor.visit(PlanVisitor.java:52)
	at org.apache.pig.PigServer$Graph.compile(PigServer.java:1635)
	at org.apache.pig.PigServer$Graph.validateQuery(PigServer.java:1572)
	at org.apache.pig.PigServer$Graph.registerQuery(PigServer.java:1544)
	at org.apache.pig.PigServer.registerQuery(PigServer.java:516)
	at org.apache.pig.tools.grunt.GruntParser.processPig(GruntParser.java:991)
	at org.apache.pig.tools.pigscript.parser.PigScriptParser.parse(PigScriptParser.java:412)
	at org.apache.pig.tools.grunt.GruntParser.parseStopOnError(GruntParser.java:194)
	at org.apache.pig.tools.grunt.GruntParser.parseStopOnError(GruntParser.java:170)
	at org.apache.pig.tools.grunt.Grunt.run(Grunt.java:69)
	at org.apache.pig.Main.run(Main.java:538)
	at org.apache.pig.Main.main(Main.java:157)
	at sun.reflect.NativeMethodAccessorImpl.invoke0(Native Method)
	at sun.reflect.NativeMethodAccessorImpl.invoke(NativeMethodAccessorImpl.java:39)
	at sun.reflect.DelegatingMethodAccessorImpl.invoke(DelegatingMethodAccessorImpl.java:25)
	at java.lang.reflect.Method.invoke(Method.java:597)
	at org.apache.hadoop.util.RunJar.main(RunJar.java:208)
================================================================================
Pig Stack Trace
---------------
ERROR 2998: Unhandled internal error. Union with Count(Operand) < 2

java.lang.AssertionError: Union with Count(Operand) < 2
	at org.apache.pig.newplan.logical.visitor.TypeCheckingRelVisitor.visit(TypeCheckingRelVisitor.java:211)
	at org.apache.pig.newplan.logical.relational.LOUnion.accept(LOUnion.java:182)
	at org.apache.pig.newplan.DependencyOrderWalker.walk(DependencyOrderWalker.java:75)
	at org.apache.pig.newplan.PlanVisitor.visit(PlanVisitor.java:52)
	at org.apache.pig.PigServer$Graph.compile(PigServer.java:1635)
	at org.apache.pig.PigServer$Graph.validateQuery(PigServer.java:1572)
	at org.apache.pig.PigServer$Graph.registerQuery(PigServer.java:1544)
	at org.apache.pig.PigServer.registerQuery(PigServer.java:516)
	at org.apache.pig.tools.grunt.GruntParser.processPig(GruntParser.java:991)
	at org.apache.pig.tools.pigscript.parser.PigScriptParser.parse(PigScriptParser.java:412)
	at org.apache.pig.tools.grunt.GruntParser.parseStopOnError(GruntParser.java:194)
	at org.apache.pig.tools.grunt.GruntParser.parseStopOnError(GruntParser.java:170)
	at org.apache.pig.tools.grunt.Grunt.run(Grunt.java:69)
	at org.apache.pig.Main.run(Main.java:538)
	at org.apache.pig.Main.main(Main.java:157)
	at sun.reflect.NativeMethodAccessorImpl.invoke0(Native Method)
	at sun.reflect.NativeMethodAccessorImpl.invoke(NativeMethodAccessorImpl.java:39)
	at sun.reflect.DelegatingMethodAccessorImpl.invoke(DelegatingMethodAccessorImpl.java:25)
	at java.lang.reflect.Method.invoke(Method.java:597)
	at org.apache.hadoop.util.RunJar.main(RunJar.java:208)
================================================================================
Pig Stack Trace
---------------
ERROR 2998: Unhandled internal error. Union with Count(Operand) < 2

java.lang.AssertionError: Union with Count(Operand) < 2
	at org.apache.pig.newplan.logical.visitor.TypeCheckingRelVisitor.visit(TypeCheckingRelVisitor.java:211)
	at org.apache.pig.newplan.logical.relational.LOUnion.accept(LOUnion.java:182)
	at org.apache.pig.newplan.DependencyOrderWalker.walk(DependencyOrderWalker.java:75)
	at org.apache.pig.newplan.PlanVisitor.visit(PlanVisitor.java:52)
	at org.apache.pig.PigServer$Graph.compile(PigServer.java:1635)
	at org.apache.pig.PigServer$Graph.validateQuery(PigServer.java:1572)
	at org.apache.pig.PigServer$Graph.registerQuery(PigServer.java:1544)
	at org.apache.pig.PigServer.registerQuery(PigServer.java:516)
	at org.apache.pig.tools.grunt.GruntParser.processPig(GruntParser.java:991)
	at org.apache.pig.tools.pigscript.parser.PigScriptParser.parse(PigScriptParser.java:412)
	at org.apache.pig.tools.grunt.GruntParser.parseStopOnError(GruntParser.java:194)
	at org.apache.pig.tools.grunt.GruntParser.parseStopOnError(GruntParser.java:170)
	at org.apache.pig.tools.grunt.Grunt.run(Grunt.java:69)
	at org.apache.pig.Main.run(Main.java:538)
	at org.apache.pig.Main.main(Main.java:157)
	at sun.reflect.NativeMethodAccessorImpl.invoke0(Native Method)
	at sun.reflect.NativeMethodAccessorImpl.invoke(NativeMethodAccessorImpl.java:39)
	at sun.reflect.DelegatingMethodAccessorImpl.invoke(DelegatingMethodAccessorImpl.java:25)
	at java.lang.reflect.Method.invoke(Method.java:597)
	at org.apache.hadoop.util.RunJar.main(RunJar.java:208)
================================================================================
Pig Stack Trace
---------------
ERROR 2998: Unhandled internal error. Union with Count(Operand) < 2

java.lang.AssertionError: Union with Count(Operand) < 2
	at org.apache.pig.newplan.logical.visitor.TypeCheckingRelVisitor.visit(TypeCheckingRelVisitor.java:211)
	at org.apache.pig.newplan.logical.relational.LOUnion.accept(LOUnion.java:182)
	at org.apache.pig.newplan.DependencyOrderWalker.walk(DependencyOrderWalker.java:75)
	at org.apache.pig.newplan.PlanVisitor.visit(PlanVisitor.java:52)
	at org.apache.pig.PigServer$Graph.compile(PigServer.java:1635)
	at org.apache.pig.PigServer$Graph.validateQuery(PigServer.java:1572)
	at org.apache.pig.PigServer$Graph.registerQuery(PigServer.java:1544)
	at org.apache.pig.PigServer.registerQuery(PigServer.java:516)
	at org.apache.pig.tools.grunt.GruntParser.processPig(GruntParser.java:991)
	at org.apache.pig.tools.pigscript.parser.PigScriptParser.parse(PigScriptParser.java:412)
	at org.apache.pig.tools.grunt.GruntParser.parseStopOnError(GruntParser.java:194)
	at org.apache.pig.tools.grunt.GruntParser.parseStopOnError(GruntParser.java:170)
	at org.apache.pig.tools.grunt.Grunt.run(Grunt.java:69)
	at org.apache.pig.Main.run(Main.java:538)
	at org.apache.pig.Main.main(Main.java:157)
	at sun.reflect.NativeMethodAccessorImpl.invoke0(Native Method)
	at sun.reflect.NativeMethodAccessorImpl.invoke(NativeMethodAccessorImpl.java:39)
	at sun.reflect.DelegatingMethodAccessorImpl.invoke(DelegatingMethodAccessorImpl.java:25)
	at java.lang.reflect.Method.invoke(Method.java:597)
	at org.apache.hadoop.util.RunJar.main(RunJar.java:208)
================================================================================
Pig Stack Trace
---------------
ERROR 2998: Unhandled internal error. Union with Count(Operand) < 2

java.lang.AssertionError: Union with Count(Operand) < 2
	at org.apache.pig.newplan.logical.visitor.TypeCheckingRelVisitor.visit(TypeCheckingRelVisitor.java:211)
	at org.apache.pig.newplan.logical.relational.LOUnion.accept(LOUnion.java:182)
	at org.apache.pig.newplan.DependencyOrderWalker.walk(DependencyOrderWalker.java:75)
	at org.apache.pig.newplan.PlanVisitor.visit(PlanVisitor.java:52)
	at org.apache.pig.PigServer$Graph.compile(PigServer.java:1635)
	at org.apache.pig.PigServer$Graph.validateQuery(PigServer.java:1572)
	at org.apache.pig.PigServer$Graph.registerQuery(PigServer.java:1544)
	at org.apache.pig.PigServer.registerQuery(PigServer.java:516)
	at org.apache.pig.tools.grunt.GruntParser.processPig(GruntParser.java:991)
	at org.apache.pig.tools.pigscript.parser.PigScriptParser.parse(PigScriptParser.java:412)
	at org.apache.pig.tools.grunt.GruntParser.parseStopOnError(GruntParser.java:194)
	at org.apache.pig.tools.grunt.GruntParser.parseStopOnError(GruntParser.java:170)
	at org.apache.pig.tools.grunt.Grunt.run(Grunt.java:69)
	at org.apache.pig.Main.run(Main.java:538)
	at org.apache.pig.Main.main(Main.java:157)
	at sun.reflect.NativeMethodAccessorImpl.invoke0(Native Method)
	at sun.reflect.NativeMethodAccessorImpl.invoke(NativeMethodAccessorImpl.java:39)
	at sun.reflect.DelegatingMethodAccessorImpl.invoke(DelegatingMethodAccessorImpl.java:25)
	at java.lang.reflect.Method.invoke(Method.java:597)
	at org.apache.hadoop.util.RunJar.main(RunJar.java:208)
================================================================================
Pig Stack Trace
---------------
ERROR 2998: Unhandled internal error. Union with Count(Operand) < 2

java.lang.AssertionError: Union with Count(Operand) < 2
	at org.apache.pig.newplan.logical.visitor.TypeCheckingRelVisitor.visit(TypeCheckingRelVisitor.java:211)
	at org.apache.pig.newplan.logical.relational.LOUnion.accept(LOUnion.java:182)
	at org.apache.pig.newplan.DependencyOrderWalker.walk(DependencyOrderWalker.java:75)
	at org.apache.pig.newplan.PlanVisitor.visit(PlanVisitor.java:52)
	at org.apache.pig.PigServer$Graph.compile(PigServer.java:1635)
	at org.apache.pig.PigServer$Graph.validateQuery(PigServer.java:1572)
	at org.apache.pig.PigServer$Graph.registerQuery(PigServer.java:1544)
	at org.apache.pig.PigServer.registerQuery(PigServer.java:516)
	at org.apache.pig.tools.grunt.GruntParser.processPig(GruntParser.java:991)
	at org.apache.pig.tools.pigscript.parser.PigScriptParser.parse(PigScriptParser.java:412)
	at org.apache.pig.tools.grunt.GruntParser.parseStopOnError(GruntParser.java:194)
	at org.apache.pig.tools.grunt.GruntParser.parseStopOnError(GruntParser.java:170)
	at org.apache.pig.tools.grunt.Grunt.run(Grunt.java:69)
	at org.apache.pig.Main.run(Main.java:538)
	at org.apache.pig.Main.main(Main.java:157)
	at sun.reflect.NativeMethodAccessorImpl.invoke0(Native Method)
	at sun.reflect.NativeMethodAccessorImpl.invoke(NativeMethodAccessorImpl.java:39)
	at sun.reflect.DelegatingMethodAccessorImpl.invoke(DelegatingMethodAccessorImpl.java:25)
	at java.lang.reflect.Method.invoke(Method.java:597)
	at org.apache.hadoop.util.RunJar.main(RunJar.java:208)
================================================================================
Pig Stack Trace
---------------
ERROR 2998: Unhandled internal error. Union with Count(Operand) < 2

java.lang.AssertionError: Union with Count(Operand) < 2
	at org.apache.pig.newplan.logical.visitor.TypeCheckingRelVisitor.visit(TypeCheckingRelVisitor.java:211)
	at org.apache.pig.newplan.logical.relational.LOUnion.accept(LOUnion.java:182)
	at org.apache.pig.newplan.DependencyOrderWalker.walk(DependencyOrderWalker.java:75)
	at org.apache.pig.newplan.PlanVisitor.visit(PlanVisitor.java:52)
	at org.apache.pig.PigServer$Graph.compile(PigServer.java:1635)
	at org.apache.pig.PigServer$Graph.validateQuery(PigServer.java:1572)
	at org.apache.pig.PigServer$Graph.registerQuery(PigServer.java:1544)
	at org.apache.pig.PigServer.registerQuery(PigServer.java:516)
	at org.apache.pig.tools.grunt.GruntParser.processPig(GruntParser.java:991)
	at org.apache.pig.tools.pigscript.parser.PigScriptParser.parse(PigScriptParser.java:412)
	at org.apache.pig.tools.grunt.GruntParser.parseStopOnError(GruntParser.java:194)
	at org.apache.pig.tools.grunt.GruntParser.parseStopOnError(GruntParser.java:170)
	at org.apache.pig.tools.grunt.Grunt.run(Grunt.java:69)
	at org.apache.pig.Main.run(Main.java:538)
	at org.apache.pig.Main.main(Main.java:157)
	at sun.reflect.NativeMethodAccessorImpl.invoke0(Native Method)
	at sun.reflect.NativeMethodAccessorImpl.invoke(NativeMethodAccessorImpl.java:39)
	at sun.reflect.DelegatingMethodAccessorImpl.invoke(DelegatingMethodAccessorImpl.java:25)
	at java.lang.reflect.Method.invoke(Method.java:597)
	at org.apache.hadoop.util.RunJar.main(RunJar.java:208)
================================================================================
Pig Stack Trace
---------------
ERROR 2998: Unhandled internal error. Union with Count(Operand) < 2

java.lang.AssertionError: Union with Count(Operand) < 2
	at org.apache.pig.newplan.logical.visitor.TypeCheckingRelVisitor.visit(TypeCheckingRelVisitor.java:211)
	at org.apache.pig.newplan.logical.relational.LOUnion.accept(LOUnion.java:182)
	at org.apache.pig.newplan.DependencyOrderWalker.walk(DependencyOrderWalker.java:75)
	at org.apache.pig.newplan.PlanVisitor.visit(PlanVisitor.java:52)
	at org.apache.pig.PigServer$Graph.compile(PigServer.java:1635)
	at org.apache.pig.PigServer$Graph.validateQuery(PigServer.java:1572)
	at org.apache.pig.PigServer$Graph.registerQuery(PigServer.java:1544)
	at org.apache.pig.PigServer.registerQuery(PigServer.java:516)
	at org.apache.pig.tools.grunt.GruntParser.processPig(GruntParser.java:991)
	at org.apache.pig.tools.pigscript.parser.PigScriptParser.parse(PigScriptParser.java:412)
	at org.apache.pig.tools.grunt.GruntParser.parseStopOnError(GruntParser.java:194)
	at org.apache.pig.tools.grunt.GruntParser.parseStopOnError(GruntParser.java:170)
	at org.apache.pig.tools.grunt.Grunt.run(Grunt.java:69)
	at org.apache.pig.Main.run(Main.java:538)
	at org.apache.pig.Main.main(Main.java:157)
	at sun.reflect.NativeMethodAccessorImpl.invoke0(Native Method)
	at sun.reflect.NativeMethodAccessorImpl.invoke(NativeMethodAccessorImpl.java:39)
	at sun.reflect.DelegatingMethodAccessorImpl.invoke(DelegatingMethodAccessorImpl.java:25)
	at java.lang.reflect.Method.invoke(Method.java:597)
	at org.apache.hadoop.util.RunJar.main(RunJar.java:208)
================================================================================
Pig Stack Trace
---------------
ERROR 2998: Unhandled internal error. Union with Count(Operand) < 2

java.lang.AssertionError: Union with Count(Operand) < 2
	at org.apache.pig.newplan.logical.visitor.TypeCheckingRelVisitor.visit(TypeCheckingRelVisitor.java:211)
	at org.apache.pig.newplan.logical.relational.LOUnion.accept(LOUnion.java:182)
	at org.apache.pig.newplan.DependencyOrderWalker.walk(DependencyOrderWalker.java:75)
	at org.apache.pig.newplan.PlanVisitor.visit(PlanVisitor.java:52)
	at org.apache.pig.PigServer$Graph.compile(PigServer.java:1635)
	at org.apache.pig.PigServer$Graph.validateQuery(PigServer.java:1572)
	at org.apache.pig.PigServer$Graph.registerQuery(PigServer.java:1544)
	at org.apache.pig.PigServer.registerQuery(PigServer.java:516)
	at org.apache.pig.tools.grunt.GruntParser.processPig(GruntParser.java:991)
	at org.apache.pig.tools.pigscript.parser.PigScriptParser.parse(PigScriptParser.java:412)
	at org.apache.pig.tools.grunt.GruntParser.parseStopOnError(GruntParser.java:194)
	at org.apache.pig.tools.grunt.GruntParser.parseStopOnError(GruntParser.java:170)
	at org.apache.pig.tools.grunt.Grunt.run(Grunt.java:69)
	at org.apache.pig.Main.run(Main.java:538)
	at org.apache.pig.Main.main(Main.java:157)
	at sun.reflect.NativeMethodAccessorImpl.invoke0(Native Method)
	at sun.reflect.NativeMethodAccessorImpl.invoke(NativeMethodAccessorImpl.java:39)
	at sun.reflect.DelegatingMethodAccessorImpl.invoke(DelegatingMethodAccessorImpl.java:25)
	at java.lang.reflect.Method.invoke(Method.java:597)
	at org.apache.hadoop.util.RunJar.main(RunJar.java:208)
================================================================================
Pig Stack Trace
---------------
ERROR 2998: Unhandled internal error. Union with Count(Operand) < 2

java.lang.AssertionError: Union with Count(Operand) < 2
	at org.apache.pig.newplan.logical.visitor.TypeCheckingRelVisitor.visit(TypeCheckingRelVisitor.java:211)
	at org.apache.pig.newplan.logical.relational.LOUnion.accept(LOUnion.java:182)
	at org.apache.pig.newplan.DependencyOrderWalker.walk(DependencyOrderWalker.java:75)
	at org.apache.pig.newplan.PlanVisitor.visit(PlanVisitor.java:52)
	at org.apache.pig.PigServer$Graph.compile(PigServer.java:1635)
	at org.apache.pig.PigServer$Graph.validateQuery(PigServer.java:1572)
	at org.apache.pig.PigServer$Graph.registerQuery(PigServer.java:1544)
	at org.apache.pig.PigServer.registerQuery(PigServer.java:516)
	at org.apache.pig.tools.grunt.GruntParser.processPig(GruntParser.java:991)
	at org.apache.pig.tools.pigscript.parser.PigScriptParser.parse(PigScriptParser.java:412)
	at org.apache.pig.tools.grunt.GruntParser.parseStopOnError(GruntParser.java:194)
	at org.apache.pig.tools.grunt.GruntParser.parseStopOnError(GruntParser.java:170)
	at org.apache.pig.tools.grunt.Grunt.run(Grunt.java:69)
	at org.apache.pig.Main.run(Main.java:538)
	at org.apache.pig.Main.main(Main.java:157)
	at sun.reflect.NativeMethodAccessorImpl.invoke0(Native Method)
	at sun.reflect.NativeMethodAccessorImpl.invoke(NativeMethodAccessorImpl.java:39)
	at sun.reflect.DelegatingMethodAccessorImpl.invoke(DelegatingMethodAccessorImpl.java:25)
	at java.lang.reflect.Method.invoke(Method.java:597)
	at org.apache.hadoop.util.RunJar.main(RunJar.java:208)
================================================================================
Pig Stack Trace
---------------
ERROR 2998: Unhandled internal error. Union with Count(Operand) < 2

java.lang.AssertionError: Union with Count(Operand) < 2
	at org.apache.pig.newplan.logical.visitor.TypeCheckingRelVisitor.visit(TypeCheckingRelVisitor.java:211)
	at org.apache.pig.newplan.logical.relational.LOUnion.accept(LOUnion.java:182)
	at org.apache.pig.newplan.DependencyOrderWalker.walk(DependencyOrderWalker.java:75)
	at org.apache.pig.newplan.PlanVisitor.visit(PlanVisitor.java:52)
	at org.apache.pig.PigServer$Graph.compile(PigServer.java:1635)
	at org.apache.pig.PigServer$Graph.validateQuery(PigServer.java:1572)
	at org.apache.pig.PigServer$Graph.registerQuery(PigServer.java:1544)
	at org.apache.pig.PigServer.registerQuery(PigServer.java:516)
	at org.apache.pig.tools.grunt.GruntParser.processPig(GruntParser.java:991)
	at org.apache.pig.tools.pigscript.parser.PigScriptParser.parse(PigScriptParser.java:412)
	at org.apache.pig.tools.grunt.GruntParser.parseStopOnError(GruntParser.java:194)
	at org.apache.pig.tools.grunt.GruntParser.parseStopOnError(GruntParser.java:170)
	at org.apache.pig.tools.grunt.Grunt.run(Grunt.java:69)
	at org.apache.pig.Main.run(Main.java:538)
	at org.apache.pig.Main.main(Main.java:157)
	at sun.reflect.NativeMethodAccessorImpl.invoke0(Native Method)
	at sun.reflect.NativeMethodAccessorImpl.invoke(NativeMethodAccessorImpl.java:39)
	at sun.reflect.DelegatingMethodAccessorImpl.invoke(DelegatingMethodAccessorImpl.java:25)
	at java.lang.reflect.Method.invoke(Method.java:597)
	at org.apache.hadoop.util.RunJar.main(RunJar.java:208)
================================================================================
Pig Stack Trace
---------------
ERROR 2998: Unhandled internal error. Union with Count(Operand) < 2

java.lang.AssertionError: Union with Count(Operand) < 2
	at org.apache.pig.newplan.logical.visitor.TypeCheckingRelVisitor.visit(TypeCheckingRelVisitor.java:211)
	at org.apache.pig.newplan.logical.relational.LOUnion.accept(LOUnion.java:182)
	at org.apache.pig.newplan.DependencyOrderWalker.walk(DependencyOrderWalker.java:75)
	at org.apache.pig.newplan.PlanVisitor.visit(PlanVisitor.java:52)
	at org.apache.pig.PigServer$Graph.compile(PigServer.java:1635)
	at org.apache.pig.PigServer$Graph.validateQuery(PigServer.java:1572)
	at org.apache.pig.PigServer$Graph.registerQuery(PigServer.java:1544)
	at org.apache.pig.PigServer.registerQuery(PigServer.java:516)
	at org.apache.pig.tools.grunt.GruntParser.processPig(GruntParser.java:991)
	at org.apache.pig.tools.pigscript.parser.PigScriptParser.parse(PigScriptParser.java:412)
	at org.apache.pig.tools.grunt.GruntParser.parseStopOnError(GruntParser.java:194)
	at org.apache.pig.tools.grunt.GruntParser.parseStopOnError(GruntParser.java:170)
	at org.apache.pig.tools.grunt.Grunt.run(Grunt.java:69)
	at org.apache.pig.Main.run(Main.java:538)
	at org.apache.pig.Main.main(Main.java:157)
	at sun.reflect.NativeMethodAccessorImpl.invoke0(Native Method)
	at sun.reflect.NativeMethodAccessorImpl.invoke(NativeMethodAccessorImpl.java:39)
	at sun.reflect.DelegatingMethodAccessorImpl.invoke(DelegatingMethodAccessorImpl.java:25)
	at java.lang.reflect.Method.invoke(Method.java:597)
	at org.apache.hadoop.util.RunJar.main(RunJar.java:208)
================================================================================
Pig Stack Trace
---------------
ERROR 2998: Unhandled internal error. Union with Count(Operand) < 2

java.lang.AssertionError: Union with Count(Operand) < 2
	at org.apache.pig.newplan.logical.visitor.TypeCheckingRelVisitor.visit(TypeCheckingRelVisitor.java:211)
	at org.apache.pig.newplan.logical.relational.LOUnion.accept(LOUnion.java:182)
	at org.apache.pig.newplan.DependencyOrderWalker.walk(DependencyOrderWalker.java:75)
	at org.apache.pig.newplan.PlanVisitor.visit(PlanVisitor.java:52)
	at org.apache.pig.PigServer$Graph.compile(PigServer.java:1635)
	at org.apache.pig.PigServer$Graph.validateQuery(PigServer.java:1572)
	at org.apache.pig.PigServer$Graph.registerQuery(PigServer.java:1544)
	at org.apache.pig.PigServer.registerQuery(PigServer.java:516)
	at org.apache.pig.tools.grunt.GruntParser.processPig(GruntParser.java:991)
	at org.apache.pig.tools.pigscript.parser.PigScriptParser.parse(PigScriptParser.java:412)
	at org.apache.pig.tools.grunt.GruntParser.parseStopOnError(GruntParser.java:194)
	at org.apache.pig.tools.grunt.GruntParser.parseStopOnError(GruntParser.java:170)
	at org.apache.pig.tools.grunt.Grunt.run(Grunt.java:69)
	at org.apache.pig.Main.run(Main.java:538)
	at org.apache.pig.Main.main(Main.java:157)
	at sun.reflect.NativeMethodAccessorImpl.invoke0(Native Method)
	at sun.reflect.NativeMethodAccessorImpl.invoke(NativeMethodAccessorImpl.java:39)
	at sun.reflect.DelegatingMethodAccessorImpl.invoke(DelegatingMethodAccessorImpl.java:25)
	at java.lang.reflect.Method.invoke(Method.java:597)
	at org.apache.hadoop.util.RunJar.main(RunJar.java:208)
================================================================================
Pig Stack Trace
---------------
ERROR 2998: Unhandled internal error. Union with Count(Operand) < 2

java.lang.AssertionError: Union with Count(Operand) < 2
	at org.apache.pig.newplan.logical.visitor.TypeCheckingRelVisitor.visit(TypeCheckingRelVisitor.java:211)
	at org.apache.pig.newplan.logical.relational.LOUnion.accept(LOUnion.java:182)
	at org.apache.pig.newplan.DependencyOrderWalker.walk(DependencyOrderWalker.java:75)
	at org.apache.pig.newplan.PlanVisitor.visit(PlanVisitor.java:52)
	at org.apache.pig.PigServer$Graph.compile(PigServer.java:1635)
	at org.apache.pig.PigServer$Graph.validateQuery(PigServer.java:1572)
	at org.apache.pig.PigServer$Graph.registerQuery(PigServer.java:1544)
	at org.apache.pig.PigServer.registerQuery(PigServer.java:516)
	at org.apache.pig.tools.grunt.GruntParser.processPig(GruntParser.java:991)
	at org.apache.pig.tools.pigscript.parser.PigScriptParser.parse(PigScriptParser.java:412)
	at org.apache.pig.tools.grunt.GruntParser.parseStopOnError(GruntParser.java:194)
	at org.apache.pig.tools.grunt.GruntParser.parseStopOnError(GruntParser.java:170)
	at org.apache.pig.tools.grunt.Grunt.run(Grunt.java:69)
	at org.apache.pig.Main.run(Main.java:538)
	at org.apache.pig.Main.main(Main.java:157)
	at sun.reflect.NativeMethodAccessorImpl.invoke0(Native Method)
	at sun.reflect.NativeMethodAccessorImpl.invoke(NativeMethodAccessorImpl.java:39)
	at sun.reflect.DelegatingMethodAccessorImpl.invoke(DelegatingMethodAccessorImpl.java:25)
	at java.lang.reflect.Method.invoke(Method.java:597)
	at org.apache.hadoop.util.RunJar.main(RunJar.java:208)
================================================================================
Pig Stack Trace
---------------
ERROR 2997: Encountered IOException. Exception 

java.io.IOException: Exception 
	at org.apache.pig.PigServer.getExamples(PigServer.java:1186)
	at org.apache.pig.tools.grunt.GruntParser.processIllustrate(GruntParser.java:739)
	at org.apache.pig.tools.pigscript.parser.PigScriptParser.Illustrate(PigScriptParser.java:626)
	at org.apache.pig.tools.pigscript.parser.PigScriptParser.parse(PigScriptParser.java:323)
	at org.apache.pig.tools.grunt.GruntParser.parseStopOnError(GruntParser.java:194)
	at org.apache.pig.tools.grunt.GruntParser.parseStopOnError(GruntParser.java:170)
	at org.apache.pig.tools.grunt.Grunt.run(Grunt.java:69)
	at org.apache.pig.Main.run(Main.java:538)
	at org.apache.pig.Main.main(Main.java:157)
	at sun.reflect.NativeMethodAccessorImpl.invoke0(Native Method)
	at sun.reflect.NativeMethodAccessorImpl.invoke(NativeMethodAccessorImpl.java:39)
	at sun.reflect.DelegatingMethodAccessorImpl.invoke(DelegatingMethodAccessorImpl.java:25)
	at java.lang.reflect.Method.invoke(Method.java:597)
	at org.apache.hadoop.util.RunJar.main(RunJar.java:208)
Caused by: org.apache.pig.impl.logicalLayer.FrontendException: ERROR 0: Exception: org.apache.pig.backend.hadoop.executionengine.physicalLayer.relationalOperators.POUnion cannot be cast to org.apache.pig.backend.hadoop.executionengine.physicalLayer.relationalOperators.POPackage
	at org.apache.pig.pen.LineageTrimmingVisitor.processOperator(LineageTrimmingVisitor.java:467)
	at org.apache.pig.pen.LineageTrimmingVisitor.visit(LineageTrimmingVisitor.java:197)
	at org.apache.pig.newplan.logical.relational.LOLoad.accept(LOLoad.java:229)
	at org.apache.pig.pen.util.PreOrderDepthFirstWalker.depthFirst(PreOrderDepthFirstWalker.java:82)
	at org.apache.pig.pen.util.PreOrderDepthFirstWalker.depthFirst(PreOrderDepthFirstWalker.java:84)
	at org.apache.pig.pen.util.PreOrderDepthFirstWalker.depthFirst(PreOrderDepthFirstWalker.java:84)
	at org.apache.pig.pen.util.PreOrderDepthFirstWalker.depthFirst(PreOrderDepthFirstWalker.java:84)
	at org.apache.pig.pen.util.PreOrderDepthFirstWalker.depthFirst(PreOrderDepthFirstWalker.java:84)
	at org.apache.pig.pen.util.PreOrderDepthFirstWalker.depthFirst(PreOrderDepthFirstWalker.java:84)
	at org.apache.pig.pen.util.PreOrderDepthFirstWalker.depthFirst(PreOrderDepthFirstWalker.java:84)
	at org.apache.pig.pen.util.PreOrderDepthFirstWalker.depthFirst(PreOrderDepthFirstWalker.java:84)
	at org.apache.pig.pen.util.PreOrderDepthFirstWalker.depthFirst(PreOrderDepthFirstWalker.java:84)
	at org.apache.pig.pen.util.PreOrderDepthFirstWalker.walk(PreOrderDepthFirstWalker.java:66)
	at org.apache.pig.newplan.PlanVisitor.visit(PlanVisitor.java:52)
	at org.apache.pig.pen.ExampleGenerator.getExamples(ExampleGenerator.java:168)
	at org.apache.pig.PigServer.getExamples(PigServer.java:1180)
	... 13 more
================================================================================
